<?xml version="1.0" encoding="UTF-8"?>
<!-- Generated by org.testng.reporters.JUnitReportReporter -->
<testsuite skipped="0" hostname="HMECL001441" name="testcases.HRMSLogin" tests="3" failures="0" timestamp="21 Mar 2019 07:07:02 GMT" time="12.860" errors="0">
  <testcase name="LaunchApp" time="5.325" classname="testcases.HRMSLogin"/>
  <testcase name="logout" time="4.942" classname="testcases.HRMSLogin"/>
  <testcase name="login" time="2.593" classname="testcases.HRMSLogin"/>
</testsuite> <!-- testcases.HRMSLogin -->
