<?xml version="1.0" encoding="UTF-8"?>
<!-- Generated by org.testng.reporters.JUnitReportReporter -->
<testsuite skipped="0" hostname="HMECL001441" name="testcases.Google" tests="1" failures="0" timestamp="21 Mar 2019 07:07:02 GMT" time="11.164" errors="0">
  <testcase name="Google" time="11.164" classname="testcases.Google"/>
</testsuite> <!-- testcases.Google -->
