<?xml version="1.0" encoding="UTF-8"?>
<!-- Generated by org.testng.reporters.JUnitReportReporter -->
<testsuite hostname="HMECL001441" name="testcases.HRMSLogin" tests="3" failures="0" timestamp="20 Mar 2019 13:19:16 GMT" time="9.223" errors="0">
  <testcase name="LaunchApp" time="4.326" classname="testcases.HRMSLogin"/>
  <testcase name="login" time="2.063" classname="testcases.HRMSLogin"/>
  <testcase name="logout" time="2.834" classname="testcases.HRMSLogin"/>
</testsuite> <!-- testcases.HRMSLogin -->
